<?xml version="1.0" encoding="UTF-8"?>
<!-- Generated by org.testng.reporters.JUnitXMLReporter -->
<testsuite ignored="1" hostname="PRINTSERVER" failures="0" tests="1" name="Default test" time="0.066" errors="0" timestamp="2021-10-06T10:27:14 IST">
  <testcase classname="com.google.com.DemoCart.TestClass" name="openBrowser" time="0.022"/>
  <testcase classname="com.google.com.DemoCart.TestClass" name="getUrl" time="0.0">
    <ignored/>
  </testcase> <!-- getUrl -->
</testsuite> <!-- Default test -->
