<?xml version="1.0" encoding="UTF-8"?>
<testng-results ignored="1" total="2" passed="1" failed="0" skipped="0">
  <reporter-output>
  </reporter-output>
  <suite started-at="2021-10-06T10:27:14 IST" name="Default suite" finished-at="2021-10-06T10:27:14 IST" duration-ms="66">
    <groups>
    </groups>
    <test started-at="2021-10-06T10:27:14 IST" name="Default test" finished-at="2021-10-06T10:27:14 IST" duration-ms="66">
      <class name="com.google.com.DemoCart.TestClass">
        <test-method signature="openBrowser()[pri:1, instance:com.google.com.DemoCart.TestClass@10d307f1]" started-at="2021-10-06T10:27:14 IST" name="openBrowser" finished-at="2021-10-06T10:27:14 IST" duration-ms="22" status="PASS">
          <reporter-output>
          </reporter-output>
        </test-method> <!-- openBrowser -->
      </class> <!-- com.google.com.DemoCart.TestClass -->
    </test> <!-- Default test -->
  </suite> <!-- Default suite -->
</testng-results>
